\BOOKMARK [1][-]{section.1}{\376\377\000W\000s\000t\001\031\000p}{}% 1
\BOOKMARK [1][-]{section.2}{\376\377\000A\000n\000a\000l\000i\000z\000a\000\040\000w\000y\000m\000a\000g\000a\001\104}{}% 2
\BOOKMARK [2][-]{subsection.2.1}{\376\377\000O\000p\000i\000s\000\040\000p\000r\000o\000b\000l\000e\000m\000u}{section.2}% 3
\BOOKMARK [2][-]{subsection.2.2}{\376\377\000G\000r\000u\000p\000a\000\040\000d\000o\000c\000e\000l\000o\000w\000a}{section.2}% 4
\BOOKMARK [2][-]{subsection.2.3}{\376\377\000A\000n\000a\000l\000i\000z\000a\000\040\000k\000o\000n\000k\000u\000r\000e\000n\000c\000y\000j\000n\000y\000c\000h\000\040\000r\000o\000z\000w\000i\001\005\000z\000a\001\104\000\040\000\050\000e\000d\000y\000t\000o\000r\000y\000\040\000g\000r\000a\000f\000o\000w\000e\000\040\000/\000\040\000n\000o\000d\000e\000-\000b\000a\000s\000e\000d\000\051}{section.2}% 5
\BOOKMARK [2][-]{subsection.2.4}{\376\377\000W\000y\000m\000a\000g\000a\000n\000i\000a\000\040\000f\000u\000n\000k\000c\000j\000o\000n\000a\000l\000n\000e}{section.2}% 6
\BOOKMARK [2][-]{subsection.2.5}{\376\377\000W\000y\000m\000a\000g\000a\000n\000i\000a\000\040\000n\000i\000e\000f\000u\000n\000k\000c\000j\000o\000n\000a\000l\000n\000e}{section.2}% 7
\BOOKMARK [1][-]{section.3}{\376\377\000P\000r\000z\000e\000g\000l\001\005\000d\000\040\000t\000e\000c\000h\000n\000o\000l\000o\000g\000i\000i}{}% 8
\BOOKMARK [2][-]{subsection.3.1}{\376\377\000W\000a\000r\000s\000t\000w\000a\000\040\000f\000r\000o\000n\000t\000e\000n\000d\000o\000w\000a\000:\000\040\000H\000T\000M\000L\000,\000\040\000C\000S\000S\000,\000\040\000J\000a\000v\000a\000S\000c\000r\000i\000p\000t\000/\000T\000y\000p\000e\000S\000c\000r\000i\000p\000t}{section.3}% 9
\BOOKMARK [2][-]{subsection.3.2}{\376\377\000W\000a\000r\000s\000t\000w\000a\000\040\000b\000a\000c\000k\000e\000n\000d\000o\000w\000a\000:\000\040\000A\000S\000P\000.\000N\000E\000T\000\040\000C\000o\000r\000e}{section.3}% 10
\BOOKMARK [2][-]{subsection.3.3}{\376\377\000M\000a\000g\000a\000z\000y\000n\000\040\000d\000a\000n\000y\000c\000h\000:\000\040\000S\000Q\000L\000i\000t\000e\000\040\000d\000z\000i\001\133\000,\000\040\001\133\000c\000i\000e\001\174\000k\000a\000\040\000d\000o\000\040\000M\000o\000n\000g\000o\000D\000B\000\040\000i\000\040\000r\000e\000l\000a\000c\000y\000j\000n\000e\000j\000\040\000p\000r\000o\000d\000u\000k\000c\000j\000i}{section.3}% 11
\BOOKMARK [2][-]{subsection.3.4}{\376\377\000K\000o\000n\000t\000r\000o\000l\000a\000\040\000w\000e\000r\000s\000j\000i\000\040\000i\000\040\000m\000o\000n\000o\000r\000e\000p\000o\000:\000\040\000G\000i\000t}{section.3}% 12
\BOOKMARK [2][-]{subsection.3.5}{\376\377\000U\000z\000a\000s\000a\000d\000n\000i\000e\000n\000i\000e\000\040\000w\000y\000b\000o\000r\000u\000\040\000s\000t\000o\000s\000u\000\040\000j\000a\000k\000o\000\040\000c\000a\001\102\000o\001\133\000c\000i}{section.3}% 13
\BOOKMARK [1][-]{section.4}{\376\377\000P\000r\000o\000j\000e\000k\000t\000\040\000a\000r\000c\000h\000i\000t\000e\000k\000t\000u\000r\000y\000\040\000a\000p\000l\000i\000k\000a\000c\000j\000i}{}% 14
\BOOKMARK [2][-]{subsection.4.1}{\376\377\000O\000p\000i\000s\000\040\000a\000r\000c\000h\000i\000t\000e\000k\000t\000u\000r\000y}{section.4}% 15
\BOOKMARK [2][-]{subsection.4.2}{\376\377\000D\000i\000a\000g\000r\000a\000m\000y\000\040\000a\000r\000c\000h\000i\000t\000e\000k\000t\000o\000n\000i\000c\000z\000n\000e}{section.4}% 16
\BOOKMARK [2][-]{subsection.4.3}{\376\377\000D\000i\000a\000g\000r\000a\000m\000\040\000k\000o\000m\000p\000o\000n\000e\000n\000t\000\363\000w}{section.4}% 17
\BOOKMARK [2][-]{subsection.4.4}{\376\377\000P\000r\000z\000e\000p\001\102\000y\000w\000\040\000d\000a\000n\000y\000c\000h\000\040\000i\000\040\000p\000r\000z\000y\000p\000a\000d\000k\000i\000\040\000u\001\174\000y\000c\000i\000a}{section.4}% 18
\BOOKMARK [2][-]{subsection.4.5}{\376\377\000W\000a\000r\000s\000t\000w\000y\000\040\000i\000\040\000i\000n\000t\000e\000r\000a\000k\000c\000j\000e}{section.4}% 19
\BOOKMARK [2][-]{subsection.4.6}{\376\377\000P\000r\000o\000j\000e\000k\000t\000\040\000U\000I\000/\000U\000X}{section.4}% 20
\BOOKMARK [2][-]{subsection.4.7}{\376\377\000M\000o\000d\000e\000l\000\040\000b\000a\000z\000y\000\040\000d\000a\000n\000y\000c\000h\000\040\000\050\000s\000z\000k\000i\000c\000\040\000E\000R\000D\000\051}{section.4}% 21
\BOOKMARK [1][-]{section.5}{\376\377\000I\000m\000p\000l\000e\000m\000e\000n\000t\000a\000c\000j\000a}{}% 22
\BOOKMARK [2][-]{subsection.5.1}{\376\377\000K\000l\000u\000c\000z\000o\000w\000e\000\040\000m\000o\000d\000u\001\102\000y\000\040\000i\000\040\000f\000u\000n\000k\000c\000j\000o\000n\000a\000l\000n\000o\001\133\000c\000i}{section.5}% 23
\BOOKMARK [2][-]{subsection.5.2}{\376\377\000I\000n\000t\000e\000r\000f\000e\000j\000s\000\040\000u\001\174\000y\000t\000k\000o\000w\000n\000i\000k\000a}{section.5}% 24
\BOOKMARK [2][-]{subsection.5.3}{\376\377\000O\000b\000s\001\102\000u\000g\000a\000\040\000d\000a\000n\000y\000c\000h\000\040\000i\000\040\000z\000a\000r\000z\001\005\000d\000z\000a\000n\000i\000e\000\040\000b\000a\000z\001\005\000\040\000d\000a\000n\000y\000c\000h}{section.5}% 25
\BOOKMARK [2][-]{subsection.5.4}{\376\377\000I\000n\000t\000e\000g\000r\000a\000c\000j\000a\000\040\000f\000r\000o\000n\000t\000e\000n\000d\000u\000\040\000i\000\040\000b\000a\000c\000k\000e\000n\000d\000u}{section.5}% 26
\BOOKMARK [1][-]{section.6}{\376\377\000T\000e\000s\000t\000o\000w\000a\000n\000i\000e}{}% 27
\BOOKMARK [2][-]{subsection.6.1}{\376\377\000R\000o\000d\000z\000a\000j\000e\000\040\000t\000e\000s\000t\000\363\000w}{section.6}% 28
\BOOKMARK [2][-]{subsection.6.2}{\376\377\000N\000a\000r\000z\001\031\000d\000z\000i\000a\000\040\000t\000e\000s\000t\000u\000j\001\005\000c\000e}{section.6}% 29
\BOOKMARK [2][-]{subsection.6.3}{\376\377\000W\000y\000n\000i\000k\000i\000\040\000t\000e\000s\000t\000\363\000w\000\040\000\050\0002\0008\000.\0000\0001\000.\0002\0000\0002\0006\000,\000\040\000l\000o\000k\000a\000l\000n\000i\000e\000\051}{section.6}% 30
\BOOKMARK [2][-]{subsection.6.4}{\376\377\000B\001\102\001\031\000d\000y\000\040\000i\000\040\000s\000p\000o\000s\000o\000b\000y\000\040\000i\000c\000h\000\040\000n\000a\000p\000r\000a\000w\000y}{section.6}% 31
\BOOKMARK [1][-]{section.7}{\376\377\000W\000y\000z\000w\000a\000n\000i\000a\000\040\000i\000\040\000r\000o\000z\000w\000i\001\005\000z\000a\000n\000i\000a}{}% 32
\BOOKMARK [2][-]{subsection.7.1}{\376\377\000P\000r\000o\000b\000l\000e\000m\000y\000\040\000n\000a\000p\000o\000t\000k\000a\000n\000e\000\040\000p\000o\000d\000c\000z\000a\000s\000\040\000r\000e\000a\000l\000i\000z\000a\000c\000j\000i}{section.7}% 33
\BOOKMARK [2][-]{subsection.7.2}{\376\377\000M\000e\000t\000o\000d\000y\000\040\000r\000o\000z\000w\000i\001\005\000z\000a\000n\000i\000a}{section.7}% 34
\BOOKMARK [2][-]{subsection.7.3}{\376\377\000O\000p\000t\000y\000m\000a\000l\000i\000z\000a\000c\000j\000e\000\040\000i\000\040\000u\000s\000p\000r\000a\000w\000n\000i\000e\000n\000i\000a}{section.7}% 35
\BOOKMARK [1][-]{section.8}{\376\377\000P\000o\000d\000s\000u\000m\000o\000w\000a\000n\000i\000e\000\040\000i\000\040\000w\000n\000i\000o\000s\000k\000i}{}% 36
\BOOKMARK [2][-]{subsection.8.1}{\376\377\000O\000c\000e\000n\000a\000\040\000r\000e\000a\000l\000i\000z\000a\000c\000j\000i\000\040\000c\000e\000l\000u}{section.8}% 37
\BOOKMARK [2][-]{subsection.8.2}{\376\377\000M\000o\001\174\000l\000i\000w\000o\001\133\000c\000i\000\040\000r\000o\000z\000w\000o\000j\000u}{section.8}% 38
\BOOKMARK [2][-]{subsection.8.3}{\376\377\000R\000e\000f\000l\000e\000k\000s\000j\000e}{section.8}% 39
\BOOKMARK [2][-]{subsection.8.4}{\376\377\000W\000n\000i\000o\000s\000k\000i\000\040\000k\000o\001\104\000c\000o\000w\000e}{section.8}% 40
